
Legend for f4 information
--------------------------------------------------------
deg       current degree of pairs selected in this round
sel       number of pairs selected in this round
pairs     total number of pairs in pair list
mat       matrix dimensions (# rows x # columns)
density   density of the matrix
new data  # new elements for basis in this round
          # zero reductions during linear algebra
time(rd)  time of the current f4 round in seconds given
          for real and cpu time
--------------------------------------------------------

deg     sel   pairs        mat          density            new data         time(rd) in sec (real|cpu)
------------------------------------------------------------------------------------------------------
  1      78     174      79 x 104        99.59%       78 new       0 zero         0.01 | 0.06         
  2      96      96    5231 x 5460        2.32%       96 new       0 zero         0.12 | 0.38         
  3     793     793    2387 x 2912        7.87%      793 new       0 zero         0.80 | 5.12         
  4   15039   15039   27133 x 13015       3.41%      758 new   14281 zero         5.89 | 34.32        
  2     264    2785     552 x 325        16.54%        0 new     264 zero         0.01 | 0.03         
  3    1396    2521    2621 x 1318       13.53%        0 new    1396 zero         0.07 | 0.18         
  4     649    1125     975 x 489         4.95%        0 new     649 zero         0.01 | 0.07         
  5     476     476    4753 x 4524        2.23%       28 new     448 zero         0.19 | 0.79         
  6     182     182    4417 x 4510        1.49%       28 new     154 zero         0.16 | 0.71         
  7     196     196    4844 x 4923        1.41%       20 new     176 zero         0.15 | 0.51         
  8     140     140    4545 x 4668        1.47%        7 new     133 zero         0.12 | 0.28         
  9      49      49    4195 x 4403        1.50%        1 new      48 zero         0.10 | 0.21         
 10       7       7    4134 x 4383        1.46%        0 new       7 zero         0.10 | 0.19         
------------------------------------------------------------------------------------------------------
reduce final basis      631 x 887         6.80%      223 new       0 zero         0.01 | 0.04         
------------------------------------------------------------------------------------------------------

---------------- TIMINGS ---------------
overall(elapsed)        7.75 sec
overall(cpu)           43.03 sec
select                  1.59 sec  20.5%
symbolic prep.          0.90 sec  11.6%
update                  1.93 sec  24.9%
convert                 0.02 sec   0.3%
linear algebra          3.29 sec  42.4%
reduce gb               0.00 sec   0.0%
-----------------------------------------

---------- COMPUTATIONAL DATA -----------
size of basis                   223
#terms in basis               26345
#pairs reduced                19365
#GM criterion               1947771
#redundant elements            1855
#rows reduced                 38953
#zero reductions              17556
max. matrix data              27133 x 13015 (3.410%)
max. symbolic hash table size  2^14
max. basis hash table size     2^19
-----------------------------------------

