
Legend for f4 information
--------------------------------------------------------
deg       current degree of pairs selected in this round
sel       number of pairs selected in this round
pairs     total number of pairs in pair list
mat       matrix dimensions (# rows x # columns)
density   density of the matrix
new data  # new elements for basis in this round
          # zero reductions during linear algebra
time(rd)  time of the current f4 round in seconds given
          for real and cpu time
--------------------------------------------------------

deg     sel   pairs        mat          density            new data         time(rd) in sec (real|cpu)
------------------------------------------------------------------------------------------------------
  1       3      21       4 x 12        100.00%        3 new       0 zero         0.00 | 0.00         
  2      18      18      80 x 138        17.53%       18 new       0 zero         0.00 | 0.02         
  3      65      65     219 x 405         8.61%       64 new       1 zero         0.01 | 0.65         
  4     477     477    1370 x 1373        4.89%      202 new     275 zero         0.04 | 3.23         
  4     737    1066    1667 x 1153        7.10%      212 new     525 zero         0.07 | 6.31         
  2      63     840     148 x 91          9.73%        0 new      63 zero         0.00 | 0.00         
  3     472     777     838 x 372         6.00%        0 new     472 zero         0.00 | 0.00         
  4     305     305     668 x 369         8.57%        0 new     305 zero         0.00 | 0.36         
------------------------------------------------------------------------------------------------------
reduce final basis       26 x 32         20.31%                                   0.00 | 0.00         
------------------------------------------------------------------------------------------------------

---------------- TIMINGS ---------------
overall(elapsed)        0.22 sec
overall(cpu)           18.93 sec
select                  0.01 sec   6.4%
symbolic prep.          0.00 sec   1.7%
update                  0.19 sec  86.8%
convert                 0.00 sec   0.7%
linear algebra          0.01 sec   4.0%
reduce gb               0.00 sec   0.0%
-----------------------------------------

---------- COMPUTATIONAL DATA -----------
size of basis                    26
#terms in basis                 142
#pairs reduced                 2140
#GM criterion                133320
#redundant elements             500
#rows reduced                  4280
#zero reductions               1641
max. matrix data               1667 x 1153 (7.104%)
max. symbolic hash table size  2^11
max. basis hash table size     2^16
-----------------------------------------

