
Legend for f4 information
--------------------------------------------------------
deg       current degree of pairs selected in this round
sel       number of pairs selected in this round
pairs     total number of pairs in pair list
mat       matrix dimensions (# rows x # columns)
density   density of the matrix
new data  # new elements for basis in this round
          # zero reductions during linear algebra
time(rd)  time of the current f4 round in seconds given
          for real and cpu time
--------------------------------------------------------

deg     sel   pairs        mat          density            new data         time(rd) in sec (real|cpu)
------------------------------------------------------------------------------------------------------
  1       1      25       2 x 17        100.00%        1 new       0 zero         0.00 | 0.00         
  2      24      24      69 x 255        21.74%       24 new       0 zero         0.00 | 0.03         
  3     108     108     484 x 1695        5.67%      107 new       1 zero         0.02 | 1.63         
  4     933     933    4885 x 9602        2.69%      397 new     536 zero         0.26 | 14.08        
  5    4823    4823   28773 x 41728       1.49%     1401 new    3422 zero         4.85 | 251.36       
  6   21057   21092  120209 x 141861      1.04%     4965 new   16092 zero       107.65 | 4291.44      
  7   85605   85906  371252 x 366478      0.94%    17042 new   68563 zero      2278.47 | 45702.90     
  7  160776  242886  410954 x 285769      3.50%    33766 new  127010 zero     13467.46 | 246269.28    
  2     155  161069     330 x 210         8.19%        0 new     155 zero         0.07 | 2.70         
  3    2421  160914    3831 x 1530        2.46%        0 new    2421 zero         0.10 | 3.66         
  4   13109  158493   19371 x 6467        1.66%        0 new   13109 zero         0.25 | 2.32         
  5   43679  145384   63292 x 19948       1.46%      121 new   43558 zero       179.97 | 343.58       
  5     963  102668    2555 x 1811       10.87%        9 new     954 zero        10.10 | 22.86        
  6   56383  101714   99732 x 43559       5.63%        0 new   56383 zero        23.63 | 217.25       
  7   45331   45331   96902 x 51781       3.28%        0 new   45331 zero        15.45 | 82.43        
------------------------------------------------------------------------------------------------------
reduce final basis      320 x 530        34.06%                                   0.03 | 1.26         
------------------------------------------------------------------------------------------------------

---------------- TIMINGS ---------------
overall(elapsed)    16089.59 sec
overall(cpu)       297210.29 sec
select                509.70 sec   3.2%
symbolic prep.         83.29 sec   0.5%
update              12291.41 sec  76.4%
convert                 1.34 sec   0.0%
linear algebra       3201.84 sec  19.9%
reduce gb               0.00 sec   0.0%
-----------------------------------------

---------- COMPUTATIONAL DATA -----------
size of basis                   320
#terms in basis               57762
#pairs reduced               435368
#GM criterion            1673367643
#redundant elements           57561
#rows reduced                870736
#zero reductions             377535
max. matrix data             371252 x 366478 (0.938%)
max. symbolic hash table size  2^19
max. basis hash table size     2^27
-----------------------------------------

