
Legend for f4 information
--------------------------------------------------------
deg       current degree of pairs selected in this round
sel       number of pairs selected in this round
pairs     total number of pairs in pair list
mat       matrix dimensions (# rows x # columns)
density   density of the matrix
new data  # new elements for basis in this round
          # zero reductions during linear algebra
time(rd)  time of the current f4 round in seconds given
          for real and cpu time
--------------------------------------------------------

deg     sel   pairs        mat          density            new data         time(rd) in sec (real|cpu)
------------------------------------------------------------------------------------------------------
  1       4      25       5 x 14        100.00%        4 new       0 zero         0.00 | 0.00         
  2      21      21     111 x 189        14.70%       21 new       0 zero         0.00 | 0.04         
  3      90      90     298 x 607         7.57%       89 new       1 zero         0.01 | 1.19         
  4     729     729    2208 x 2423        4.30%      305 new     424 zero         0.09 | 7.52         
  4     170    3180    1189 x 1422        9.79%      170 new       0 zero         0.09 | 7.84         
  4     806    3188    2384 x 1945        8.77%      360 new     446 zero         0.29 | 24.47        
  2      84    1425     197 x 120         8.41%        0 new      84 zero         0.00 | 0.00         
  3     898    1341    1469 x 578         5.13%        0 new     898 zero         0.00 | 0.36         
  4     443     443    1002 x 566         8.01%        0 new     443 zero         0.00 | 0.36         
------------------------------------------------------------------------------------------------------
reduce final basis       34 x 41         17.93%                                   0.00 | 0.00         
------------------------------------------------------------------------------------------------------

---------------- TIMINGS ---------------
overall(elapsed)        0.52 sec
overall(cpu)           43.27 sec
select                  0.04 sec   7.4%
symbolic prep.          0.02 sec   3.7%
update                  0.43 sec  83.4%
convert                 0.00 sec   0.5%
linear algebra          0.02 sec   4.8%
reduce gb               0.00 sec   0.0%
-----------------------------------------

---------- COMPUTATIONAL DATA -----------
size of basis                    34
#terms in basis                 211
#pairs reduced                 3245
#GM criterion                471580
#redundant elements             947
#rows reduced                  6490
#zero reductions               2296
max. matrix data               2208 x 2423 (4.295%)
max. symbolic hash table size  2^12
max. basis hash table size     2^17
-----------------------------------------

