
Legend for f4 information
--------------------------------------------------------
deg       current degree of pairs selected in this round
sel       number of pairs selected in this round
pairs     total number of pairs in pair list
mat       matrix dimensions (# rows x # columns)
density   density of the matrix
new data  # new elements for basis in this round
          # zero reductions during linear algebra
time(rd)  time of the current f4 round in seconds given
          for real and cpu time
--------------------------------------------------------

deg     sel   pairs        mat          density            new data         time(rd) in sec (real|cpu)
------------------------------------------------------------------------------------------------------
  2      14      15      16 x 110        52.95%       14 new       0 zero         0.00 | 0.00         
  3      51      51     236 x 656         7.79%       50 new       1 zero         0.00 | 0.01         
  4     334     334    1624 x 2664        3.91%      134 new     200 zero         0.02 | 0.14         
  5    1310    1310    6664 x 8346        2.27%      396 new     914 zero         0.15 | 1.02         
  5     179    4636    3999 x 5910        4.32%      179 new       0 zero         0.09 | 0.66         
  5      12    6401    4779 x 6916        3.78%       12 new       0 zero         0.04 | 0.19         
  6    6500    6520   22478 x 19980       2.45%     1584 new    4916 zero         3.35 | 23.00        
  5    3083    9963    9734 x 7710        7.47%      863 new    2223 zero         2.04 | 14.85        
  4    3388    7463    5835 x 2646        8.04%      153 new    3235 zero         0.28 | 2.12         
  2      14    4295      99 x 120        19.79%        6 new       8 zero         0.01 | 0.06         
  2      63    3987     147 x 107        14.77%        0 new      63 zero         0.00 | 0.00         
  3     517    3924    1055 x 578        11.91%        0 new     517 zero         0.00 | 0.02         
  4     488    3407    1338 x 825        11.01%        0 new     553 zero         0.00 | 0.04         
  5    1407    2919    6960 x 5593        4.08%        0 new    1407 zero         0.05 | 0.25         
  6    1512    1512   19464 x 17992       0.99%        0 new    1512 zero         0.24 | 1.41         
------------------------------------------------------------------------------------------------------
reduce final basis      224 x 264        14.70%       61 new       0 zero         0.00 | 0.01         
------------------------------------------------------------------------------------------------------

---------------- TIMINGS ----------------
overall(elapsed)        6.28 sec
overall(cpu)           43.78 sec
select                  0.47 sec   7.4%
symbolic prep.          0.21 sec   3.4%
update                  2.34 sec  37.3%
convert                 0.02 sec   0.4%
linear algebra          3.23 sec  51.4%
reduce gb               0.00 sec   0.0%
-----------------------------------------

---------- COMPUTATIONAL DATA -----------
size of basis                    61
#terms in basis                1958
#pairs reduced                18872
#GM criterion               5783249
#redundant elements            3346
#rows reduced                 37941
#zero reductions              15549
max. matrix data              22478 x 19980 (2.452%)
max. symbolic hash table size  2^15
max. basis hash table size     2^20
-----------------------------------------

