
Legend for f4 information
--------------------------------------------------------
deg       current degree of pairs selected in this round
sel       number of pairs selected in this round
pairs     total number of pairs in pair list
mat       matrix dimensions (# rows x # columns)
density   density of the matrix
new data  # new elements for basis in this round
          # zero reductions during linear algebra
time(rd)  time of the current f4 round in seconds given
          for real and cpu time
--------------------------------------------------------

deg     sel   pairs        mat          density            new data         time(rd) in sec (real|cpu)
------------------------------------------------------------------------------------------------------
  2      17      18      19 x 143        51.01%       17 new       0 zero         0.00 | 0.00         
  3      65      65     318 x 944         6.78%       64 new       1 zero         0.00 | 0.02         
  4     485     485    2464 x 4276        3.25%      206 new     279 zero         0.04 | 0.28         
  5    2278    2301   11712 x 15079       1.87%      722 new    1556 zero         0.58 | 3.51         
  5     773    9642    8287 x 11467       4.49%      773 new       0 zero         1.10 | 6.50         
  5    2206   14395   11703 x 12703       6.29%     2093 new     113 zero         6.41 | 42.95        
  5   11760   19313   23366 x 12577       7.01%